0 info it worked if it ends with ok
1 verbose cli [ '/usr/bin/node',
1 verbose cli   '/usr/bin/npm',
1 verbose cli   'install',
1 verbose cli   'jquery@1.9.1',
1 verbose cli   '-',
1 verbose cli   '3' ]
2 info using npm@3.5.2
3 info using node@v8.10.0
4 silly loadCurrentTree Starting
5 silly install loadCurrentTree
6 silly install readLocalPackageData
7 silly fetchPackageMetaData jquery@1.9.1
8 silly fetchPackageMetaData -
9 silly fetchPackageMetaData 3
10 silly fetchNamedPackageData jquery
11 silly mapToRegistry name jquery
12 silly mapToRegistry using default registry
13 silly mapToRegistry registry https://registry.npmjs.org/
14 silly mapToRegistry uri https://registry.npmjs.org/jquery
15 silly fetchOtherPackageData -
16 silly cache add args [ '-', null ]
17 verbose cache add spec -
18 silly fetchNamedPackageData 3
19 silly mapToRegistry name 3
20 silly mapToRegistry using default registry
21 silly mapToRegistry registry https://registry.npmjs.org/
22 silly mapToRegistry uri https://registry.npmjs.org/3
23 silly cache add parsed spec Result {
23 silly cache add   raw: '-',
23 silly cache add   scope: null,
23 silly cache add   name: null,
23 silly cache add   rawSpec: '-',
23 silly cache add   spec: '/var/www/html/projet_rv/-',
23 silly cache add   type: 'local' }
24 error addLocal Could not install /var/www/html/projet_rv/-
25 silly fetchPackageMetaData Error: ENOENT: no such file or directory, open '/var/www/html/projet_rv/-'
25 silly fetchPackageMetaData  error for - { Error: ENOENT: no such file or directory, open '/var/www/html/projet_rv/-'
25 silly fetchPackageMetaData   errno: -2,
25 silly fetchPackageMetaData   code: 'ENOENT',
25 silly fetchPackageMetaData   syscall: 'open',
25 silly fetchPackageMetaData   path: '/var/www/html/projet_rv/-' }
26 verbose request uri https://registry.npmjs.org/3
27 verbose request no auth needed
28 info attempt registry request try #1 at 16:18:35
29 verbose request id ae520b43dafd1a09
30 http request GET https://registry.npmjs.org/3
31 verbose request uri https://registry.npmjs.org/jquery
32 verbose request no auth needed
33 info attempt registry request try #1 at 16:18:36
34 verbose etag W/"2ee34e3ee5dbc194e7502437ec44ee12"
35 verbose lastModified Wed, 25 Sep 2019 07:15:05 GMT
36 http request GET https://registry.npmjs.org/jquery
37 http 304 https://registry.npmjs.org/jquery
38 verbose headers { date: 'Sun, 13 Oct 2019 16:18:42 GMT',
38 verbose headers   connection: 'keep-alive',
38 verbose headers   'set-cookie':
38 verbose headers    [ '__cfduid=d693cb3f2a72503c671f59ae838f5c48d1570983522; expires=Mon, 12-Oct-20 16:18:42 GMT; path=/; domain=.npmjs.org; HttpOnly' ],
38 verbose headers   'cf-cache-status': 'HIT',
38 verbose headers   'cache-control': 'max-age=300',
38 verbose headers   'cf-ray': '5252a185fbd9625e-LIS',
38 verbose headers   age: '3882',
38 verbose headers   etag: '"2ee34e3ee5dbc194e7502437ec44ee12"',
38 verbose headers   'expect-ct': 'max-age=604800, report-uri="https://report-uri.cloudflare.com/cdn-cgi/beacon/expect-ct"',
38 verbose headers   'last-modified': 'Wed, 25 Sep 2019 07:15:05 GMT',
38 verbose headers   vary: 'accept-encoding, accept',
38 verbose headers   'x-amz-meta-rev': '644-633ec671ffa14d90027713bf4a7a9723',
38 verbose headers   server: 'cloudflare' }
39 silly get cb [ 304,
39 silly get   { date: 'Sun, 13 Oct 2019 16:18:42 GMT',
39 silly get     connection: 'keep-alive',
39 silly get     'set-cookie':
39 silly get      [ '__cfduid=d693cb3f2a72503c671f59ae838f5c48d1570983522; expires=Mon, 12-Oct-20 16:18:42 GMT; path=/; domain=.npmjs.org; HttpOnly' ],
39 silly get     'cf-cache-status': 'HIT',
39 silly get     'cache-control': 'max-age=300',
39 silly get     'cf-ray': '5252a185fbd9625e-LIS',
39 silly get     age: '3882',
39 silly get     etag: '"2ee34e3ee5dbc194e7502437ec44ee12"',
39 silly get     'expect-ct': 'max-age=604800, report-uri="https://report-uri.cloudflare.com/cdn-cgi/beacon/expect-ct"',
39 silly get     'last-modified': 'Wed, 25 Sep 2019 07:15:05 GMT',
39 silly get     vary: 'accept-encoding, accept',
39 silly get     'x-amz-meta-rev': '644-633ec671ffa14d90027713bf4a7a9723',
39 silly get     server: 'cloudflare' } ]
40 verbose etag https://registry.npmjs.org/jquery from cache
41 verbose get saving jquery to /home/bmd/.npm/registry.npmjs.org/jquery/.cache.json
42 http 200 https://registry.npmjs.org/3
43 verbose headers { date: 'Sun, 13 Oct 2019 16:18:49 GMT',
43 verbose headers   'content-type': 'application/json; charset=UTF-8',
43 verbose headers   'transfer-encoding': 'chunked',
43 verbose headers   connection: 'keep-alive',
43 verbose headers   'set-cookie':
43 verbose headers    [ '__cfduid=d312e92621b3de7d944e1ea87bab7bd2b1570983528; expires=Mon, 12-Oct-20 16:18:48 GMT; path=/; domain=.npmjs.org; HttpOnly' ],
43 verbose headers   'cf-cache-status': 'MISS',
43 verbose headers   'cache-control': 'max-age=300',
43 verbose headers   'cf-ray': '5252a1ad29aada72-LIS',
43 verbose headers   etag: 'W/"d9d369e1149d4f87fbccdb4a4356f04b"',
43 verbose headers   'expect-ct': 'max-age=604800, report-uri="https://report-uri.cloudflare.com/cdn-cgi/beacon/expect-ct"',
43 verbose headers   'last-modified': 'Sat, 26 May 2018 14:09:34 GMT',
43 verbose headers   vary: 'accept-encoding, accept',
43 verbose headers   server: 'cloudflare',
43 verbose headers   'content-encoding': 'gzip' }
44 silly get cb [ 200,
44 silly get   { date: 'Sun, 13 Oct 2019 16:18:49 GMT',
44 silly get     'content-type': 'application/json; charset=UTF-8',
44 silly get     'transfer-encoding': 'chunked',
44 silly get     connection: 'keep-alive',
44 silly get     'set-cookie':
44 silly get      [ '__cfduid=d312e92621b3de7d944e1ea87bab7bd2b1570983528; expires=Mon, 12-Oct-20 16:18:48 GMT; path=/; domain=.npmjs.org; HttpOnly' ],
44 silly get     'cf-cache-status': 'MISS',
44 silly get     'cache-control': 'max-age=300',
44 silly get     'cf-ray': '5252a1ad29aada72-LIS',
44 silly get     etag: 'W/"d9d369e1149d4f87fbccdb4a4356f04b"',
44 silly get     'expect-ct': 'max-age=604800, report-uri="https://report-uri.cloudflare.com/cdn-cgi/beacon/expect-ct"',
44 silly get     'last-modified': 'Sat, 26 May 2018 14:09:34 GMT',
44 silly get     vary: 'accept-encoding, accept',
44 silly get     server: 'cloudflare',
44 silly get     'content-encoding': 'gzip' } ]
45 verbose get saving 3 to /home/bmd/.npm/registry.npmjs.org/3/.cache.json
46 silly rollbackFailedOptional Starting
47 silly rollbackFailedOptional Finishing
48 silly runTopLevelLifecycles Starting
49 silly runTopLevelLifecycles Finishing
50 silly install printInstalled
51 verbose stack Error: ENOENT: no such file or directory, open '/var/www/html/projet_rv/-'
52 verbose cwd /var/www/html/projet_rv
53 error Linux 4.18.0-25-generic
54 error argv "/usr/bin/node" "/usr/bin/npm" "install" "jquery@1.9.1" "-" "3"
55 error node v8.10.0
56 error npm  v3.5.2
57 error path /var/www/html/projet_rv/-
58 error code ENOENT
59 error errno -2
60 error syscall open
61 error enoent ENOENT: no such file or directory, open '/var/www/html/projet_rv/-'
62 error enoent ENOENT: no such file or directory, open '/var/www/html/projet_rv/-'
62 error enoent This is most likely not a problem with npm itself
62 error enoent and is related to npm not being able to find a file.
63 verbose exit [ -2, true ]
